<?xml version='1.0'?>
<ns2:test-suite xmlns:ns2='urn:model.allure.qatools.yandex.ru' start='1585558438475' stop='1585558443248'>
    <name>login page feature test</name>
    <title>login page feature test</title>
    <test-cases>
        <test-case start='1585558438476' status='broken' stop='1585558442624'>
            <name>verify login page title</name>
            <title>verify login page title</title>
            <labels>
                <label name='language' value='javascript'/>
                <label name='framework' value='wdio'/>
                <label name='thread' value='0-0'/>
            </labels>
            <parameters>
                <parameter kind='argument' name='browser' value='Chrome-10.0.18362'/>
            </parameters>
            <steps>
                <step start='1585558440380' status='broken' stop='1585558442624'>
                    <name>undefined undefined</name>
                    <title>undefined undefined</title>
                    <attachments/>
                    <steps>
                        <step start='1585558442109' status='passed' stop='1585558442621'>
                            <name>undefined undefined</name>
                            <title>undefined undefined</title>
                            <attachments/>
                            <steps/>
                        </step>
                    </steps>
                </step>
            </steps>
            <attachments/>
            <failure>
                <message>net::ERR_NAME_NOT_RESOLVED at https://app.hubspot/</message>
                <stack-trace>net::ERR_NAME_NOT_RESOLVED at https://app.hubspot/
                    at Frame.&lt;anonymous> (G:\javascript automation\New folder\wdio-test-framework\node_modules\puppeteer-core\lib\helper.js:111:15)
                    at Page.goto (G:\javascript automation\New folder\wdio-test-framework\node_modules\puppeteer-core\lib\Page.js:672:49)
                    at Page.&lt;anonymous> (G:\javascript automation\New folder\wdio-test-framework\node_modules\puppeteer-core\lib\helper.js:112:23)
                    at DevToolsDriver.navigateTo (G:\javascript automation\New folder\wdio-test-framework\node_modules\devtools\build\commands\navigateTo.js:13:14)
                    at Browser.wrappedCommand (G:\javascript automation\New folder\wdio-test-framework\node_modules\devtools\build\devtoolsdriver.js:92:47)
                    at processTicksAndRejections (internal/process/task_queues.js:97:5)
                    at async Browser.runCommandWithHooks (G:\javascript automation\New folder\wdio-test-framework\node_modules\@wdio\sync\build\wrapCommand.js:88:21)
                    at Browser.runCommandWithHooks (G:\javascript automation\New folder\wdio-test-framework\node_modules\@wdio\sync\build\wrapCommand.js:82:22)
                    at Browser.wrapCommandFn (G:\javascript automation\New folder\wdio-test-framework\node_modules\@wdio\sync\build\wrapCommand.js:59:40)
                    at Context.&lt;anonymous> (G:\javascript automation\New folder\wdio-test-framework\src\test\specs\login.test.js:8:17)
                    at Context.executeSync (G:\javascript automation\New folder\wdio-test-framework\node_modules\@wdio\sync\build\index.js:56:18)
                    at G:\javascript automation\New folder\wdio-test-framework\node_modules\@wdio\sync\build\index.js:82:70</stack-trace>
            </failure>
        </test-case>
        <test-case start='1585558442625' status='broken' stop='1585558442951'>
            <name>verify sign up link</name>
            <title>verify sign up link</title>
            <labels>
                <label name='language' value='javascript'/>
                <label name='framework' value='wdio'/>
                <label name='thread' value='0-0'/>
            </labels>
            <parameters>
                <parameter kind='argument' name='browser' value='Chrome-10.0.18362'/>
            </parameters>
            <steps>
                <step start='1585558442633' status='passed' stop='1585558442950'>
                    <name>undefined undefined</name>
                    <title>undefined undefined</title>
                    <attachments/>
                    <steps/>
                </step>
            </steps>
            <attachments/>
            <failure>
                <message>assert is not defined</message>
                <stack-trace>ReferenceError: assert is not defined
                    at Context.&lt;anonymous> (G:\javascript automation\New folder\wdio-test-framework\src\test\specs\login.test.js:15:9)
                    at Context.executeSync (G:\javascript automation\New folder\wdio-test-framework\node_modules\@wdio\sync\build\index.js:56:18)
                    at G:\javascript automation\New folder\wdio-test-framework\node_modules\@wdio\sync\build\index.js:82:70</stack-trace>
            </failure>
        </test-case>
        <test-case start='1585558442951' status='broken' stop='1585558443247'>
            <name>verify login</name>
            <title>verify login</title>
            <labels>
                <label name='language' value='javascript'/>
                <label name='framework' value='wdio'/>
                <label name='thread' value='0-0'/>
            </labels>
            <parameters>
                <parameter kind='argument' name='browser' value='Chrome-10.0.18362'/>
            </parameters>
            <steps>
                <step start='1585558442957' status='passed' stop='1585558443247'>
                    <name>undefined undefined</name>
                    <title>undefined undefined</title>
                    <attachments/>
                    <steps/>
                </step>
            </steps>
            <attachments/>
            <failure>
                <message>loginPageElement is not defined</message>
                <stack-trace>ReferenceError: loginPageElement is not defined
                    at LoginPage.doLogin (G:\javascript automation\New folder\wdio-test-framework\src\pages\login.page.js:16:32)
                    at Context.&lt;anonymous> (G:\javascript automation\New folder\wdio-test-framework\src\test\specs\login.test.js:18:19)
                    at Context.executeSync (G:\javascript automation\New folder\wdio-test-framework\node_modules\@wdio\sync\build\index.js:56:18)
                    at G:\javascript automation\New folder\wdio-test-framework\node_modules\@wdio\sync\build\index.js:82:70</stack-trace>
            </failure>
        </test-case>
    </test-cases>
</ns2:test-suite>